<?xml version="1.0" encoding="UTF-8"?>
<!-- Generated by org.testng.reporters.JUnitXMLReporter -->
<testsuite ignored="0" hostname="Nik" failures="1" tests="2" name="Test" time="8.48" errors="0" timestamp="2024-02-09T12:30:49 IST">
  <testcase classname="utilities.TestClass" name="testOne" time="4.454"/>
  <testcase classname="utilities.TestClass" name="testTwo" time="1.428">
    <failure type="java.lang.AssertionError" message="expected [true] but found [false]">
      <![CDATA[java.lang.AssertionError: expected [true] but found [false]
at utilities.TestClass.testTwo(TestClass.java:44)
at java.base/java.util.ArrayList.forEach(ArrayList.java:1511)
... Removed 31 stack frames]]>
    </failure>
  </testcase> <!-- testTwo -->
</testsuite> <!-- Test -->
