<?xml version="1.0" encoding="UTF-8"?>
<testng-results ignored="0" total="2" passed="2" failed="0" skipped="0">
  <reporter-output>
  </reporter-output>
  <suite started-at="2024-02-10T12:52:31 IST" name="Default suite" finished-at="2024-02-10T12:52:39 IST" duration-ms="8808">
    <groups>
    </groups>
    <test started-at="2024-02-10T12:52:31 IST" name="Default test" finished-at="2024-02-10T12:52:39 IST" duration-ms="8808">
      <class name="pages.LoginTest">
        <test-method is-config="true" signature="setup()[pri:0, instance:pages.LoginTest@6f03482]" started-at="2024-02-10T12:52:31 IST" name="setup" finished-at="2024-02-10T12:52:34 IST" duration-ms="3747" status="PASS">
          <reporter-output>
          </reporter-output>
        </test-method> <!-- setup -->
        <test-method signature="testInvalidLogin()[pri:0, instance:pages.LoginTest@6f03482]" started-at="2024-02-10T12:52:34 IST" name="testInvalidLogin" finished-at="2024-02-10T12:52:37 IST" duration-ms="2820" status="PASS">
          <reporter-output>
          </reporter-output>
        </test-method> <!-- testInvalidLogin -->
        <test-method signature="testSuccessfulLogin()[pri:0, instance:pages.LoginTest@6f03482]" started-at="2024-02-10T12:52:37 IST" name="testSuccessfulLogin" finished-at="2024-02-10T12:52:39 IST" duration-ms="2045" status="PASS">
          <reporter-output>
          </reporter-output>
        </test-method> <!-- testSuccessfulLogin -->
        <test-method is-config="true" signature="teardown()[pri:0, instance:pages.LoginTest@6f03482]" started-at="2024-02-10T12:52:39 IST" name="teardown" finished-at="2024-02-10T12:52:39 IST" duration-ms="155" status="PASS">
          <reporter-output>
          </reporter-output>
        </test-method> <!-- teardown -->
      </class> <!-- pages.LoginTest -->
    </test> <!-- Default test -->
  </suite> <!-- Default suite -->
</testng-results>
